<?xml version="1.0" encoding="UTF-8"?>
<!-- Generated by org.testng.reporters.JUnitXMLReporter -->
<testsuite ignored="1" hostname="LAPTOP-TAFBVVUT" failures="0" tests="5" name="uiTests" time="16.246" errors="0" timestamp="2025-08-17T12:52:42 IST">
  <testcase classname="com.ui.test.UITestScenarios" name="visitFlikartSiteTest" time="2.235"/>
  <testcase classname="com.ui.test.UITestScenarios" name="flipkartFlightBookTest" time="3.823"/>
  <testcase classname="com.ui.test.UITestScenarios" name="visitCricBuzzSiteTest" time="7.253"/>
  <testcase classname="com.ui.test.UITestScenarios" name="visitYoutubeSiteTest" time="3.438"/>
  <testcase classname="com.ui.test.UITestScenarios" name="visitYoutubeSiteTest" time="3.119"/>
  <testcase classname="com.ui.test.UITestScenarios" name="visitAmazonSiteTest" time="0.0">
    <ignored/>
  </testcase> <!-- visitAmazonSiteTest -->
</testsuite> <!-- uiTests -->
