<?xml version="1.0" encoding="UTF-8"?>
<!-- Generated by org.testng.reporters.JUnitXMLReporter -->
<testsuite ignored="0" hostname="LAPTOP-TAFBVVUT" failures="0" tests="5" name="Default test" time="23.796" errors="0" timestamp="2025-08-16T20:34:54 IST">
  <testcase classname="com.ui.test.UITestScenarios" name="flipkartFlightBookTest" time="3.394"/>
  <testcase classname="com.ui.test.UITestScenarios" name="visitAmazonSiteTest" time="2.643"/>
  <testcase classname="com.ui.test.UITestScenarios" name="visitCricBuzzSiteTest" time="4.162"/>
  <testcase classname="com.ui.test.UITestScenarios" name="visitFlikartSiteTest" time="1.726"/>
  <testcase classname="com.ui.test.UITestScenarios" name="visitYoutubeSiteTest" time="5.128"/>
</testsuite> <!-- Default test -->
