<?xml version="1.0" encoding="UTF-8"?>
<testng-results ignored="0" total="5" passed="5" failed="0" skipped="0">
  <reporter-output>
  </reporter-output>
  <suite started-at="2025-08-17T12:52:26 IST" name="TestRun" finished-at="2025-08-17T12:52:42 IST" duration-ms="16246">
    <groups>
      <group name="regression">
        <method signature="UITestScenarios.flipkartFlightBookTest(com.ui.Models.FlightSearch)[pri:0, instance:com.ui.test.UITestScenarios@647e447]" name="flipkartFlightBookTest" class="com.ui.test.UITestScenarios"/>
        <method signature="UITestScenarios.visitCricBuzzSiteTest()[pri:0, instance:com.ui.test.UITestScenarios@647e447]" name="visitCricBuzzSiteTest" class="com.ui.test.UITestScenarios"/>
        <method signature="UITestScenarios.visitFlikartSiteTest()[pri:0, instance:com.ui.test.UITestScenarios@647e447]" name="visitFlikartSiteTest" class="com.ui.test.UITestScenarios"/>
        <method signature="UITestScenarios.visitYoutubeSiteTest()[pri:0, instance:com.ui.test.UITestScenarios@647e447]" name="visitYoutubeSiteTest" class="com.ui.test.UITestScenarios"/>
      </group> <!-- regression -->
      <group name="smoke">
        <method signature="UITestScenarios.visitCricBuzzSiteTest()[pri:0, instance:com.ui.test.UITestScenarios@647e447]" name="visitCricBuzzSiteTest" class="com.ui.test.UITestScenarios"/>
        <method signature="UITestScenarios.visitYoutubeSiteTest()[pri:0, instance:com.ui.test.UITestScenarios@647e447]" name="visitYoutubeSiteTest" class="com.ui.test.UITestScenarios"/>
      </group> <!-- smoke -->
    </groups>
    <test started-at="2025-08-17T12:52:26 IST" name="uiTests" finished-at="2025-08-17T12:52:42 IST" duration-ms="16246">
      <class name="com.ui.test.UITestScenarios">
        <test-method is-config="true" signature="SetUp()[pri:0, instance:com.ui.test.UITestScenarios@647e447]" started-at="2025-08-17T12:52:26 IST" name="SetUp" finished-at="2025-08-17T12:52:30 IST" duration-ms="4030" status="PASS">
          <reporter-output>
          </reporter-output>
        </test-method> <!-- SetUp -->
        <test-method is-config="true" signature="SetUp()[pri:0, instance:com.ui.test.UITestScenarios@647e447]" started-at="2025-08-17T12:52:26 IST" name="SetUp" finished-at="2025-08-17T12:52:30 IST" duration-ms="4183" status="PASS">
          <reporter-output>
          </reporter-output>
        </test-method> <!-- SetUp -->
        <test-method is-config="true" signature="SetUp()[pri:0, instance:com.ui.test.UITestScenarios@647e447]" started-at="2025-08-17T12:52:26 IST" name="SetUp" finished-at="2025-08-17T12:52:27 IST" duration-ms="1327" status="PASS">
          <reporter-output>
          </reporter-output>
        </test-method> <!-- SetUp -->
        <test-method signature="visitCricBuzzSiteTest()[pri:0, instance:com.ui.test.UITestScenarios@647e447]" started-at="2025-08-17T12:52:27 IST" name="visitCricBuzzSiteTest" finished-at="2025-08-17T12:52:34 IST" duration-ms="7253" status="PASS">
          <reporter-output>
          </reporter-output>
        </test-method> <!-- visitCricBuzzSiteTest -->
        <test-method signature="flipkartFlightBookTest(com.ui.Models.FlightSearch)[pri:0, instance:com.ui.test.UITestScenarios@647e447]" started-at="2025-08-17T12:52:30 IST" name="flipkartFlightBookTest" data-provider="flightSearchData" finished-at="2025-08-17T12:52:34 IST" duration-ms="3823" status="PASS">
          <params>
            <param index="0">
              <value>
                <![CDATA[com.ui.Models.FlightSearch@4abcf5ca]]>
              </value>
            </param>
          </params>
          <reporter-output>
          </reporter-output>
        </test-method> <!-- flipkartFlightBookTest -->
        <test-method signature="visitFlikartSiteTest()[pri:0, instance:com.ui.test.UITestScenarios@647e447]" started-at="2025-08-17T12:52:30 IST" name="visitFlikartSiteTest" finished-at="2025-08-17T12:52:32 IST" duration-ms="2235" status="PASS">
          <reporter-output>
          </reporter-output>
        </test-method> <!-- visitFlikartSiteTest -->
        <test-method is-config="true" signature="TearDown()[pri:0, instance:com.ui.test.UITestScenarios@647e447]" started-at="2025-08-17T12:52:32 IST" name="TearDown" finished-at="2025-08-17T12:52:33 IST" duration-ms="397" status="PASS">
          <reporter-output>
          </reporter-output>
        </test-method> <!-- TearDown -->
        <test-method is-config="true" signature="SetUp()[pri:0, instance:com.ui.test.UITestScenarios@647e447]" started-at="2025-08-17T12:52:33 IST" name="SetUp" finished-at="2025-08-17T12:52:34 IST" duration-ms="1000" status="PASS">
          <reporter-output>
          </reporter-output>
        </test-method> <!-- SetUp -->
        <test-method signature="visitYoutubeSiteTest()[pri:0, instance:com.ui.test.UITestScenarios@647e447]" started-at="2025-08-17T12:52:34 IST" name="visitYoutubeSiteTest" finished-at="2025-08-17T12:52:37 IST" duration-ms="3438" status="PASS">
          <reporter-output>
          </reporter-output>
        </test-method> <!-- visitYoutubeSiteTest -->
        <test-method is-config="true" signature="TearDown()[pri:0, instance:com.ui.test.UITestScenarios@647e447]" started-at="2025-08-17T12:52:34 IST" name="TearDown" finished-at="2025-08-17T12:52:36 IST" duration-ms="2588" status="PASS">
          <reporter-output>
          </reporter-output>
        </test-method> <!-- TearDown -->
        <test-method is-config="true" signature="TearDown()[pri:0, instance:com.ui.test.UITestScenarios@647e447]" started-at="2025-08-17T12:52:34 IST" name="TearDown" finished-at="2025-08-17T12:52:36 IST" duration-ms="1923" status="PASS">
          <reporter-output>
          </reporter-output>
        </test-method> <!-- TearDown -->
        <test-method is-config="true" signature="TearDown()[pri:0, instance:com.ui.test.UITestScenarios@647e447]" started-at="2025-08-17T12:52:37 IST" name="TearDown" finished-at="2025-08-17T12:52:38 IST" duration-ms="503" status="PASS">
          <reporter-output>
          </reporter-output>
        </test-method> <!-- TearDown -->
        <test-method is-config="true" signature="SetUp()[pri:0, instance:com.ui.test.UITestScenarios@647e447]" started-at="2025-08-17T12:52:38 IST" name="SetUp" finished-at="2025-08-17T12:52:38 IST" duration-ms="766" status="PASS">
          <reporter-output>
          </reporter-output>
        </test-method> <!-- SetUp -->
        <test-method signature="visitYoutubeSiteTest()[pri:0, instance:com.ui.test.UITestScenarios@647e447]" started-at="2025-08-17T12:52:38 IST" name="visitYoutubeSiteTest" finished-at="2025-08-17T12:52:41 IST" duration-ms="3119" status="PASS">
          <reporter-output>
          </reporter-output>
        </test-method> <!-- visitYoutubeSiteTest -->
        <test-method is-config="true" signature="TearDown()[pri:0, instance:com.ui.test.UITestScenarios@647e447]" started-at="2025-08-17T12:52:41 IST" name="TearDown" finished-at="2025-08-17T12:52:42 IST" duration-ms="557" status="PASS">
          <reporter-output>
          </reporter-output>
        </test-method> <!-- TearDown -->
      </class> <!-- com.ui.test.UITestScenarios -->
    </test> <!-- uiTests -->
  </suite> <!-- TestRun -->
</testng-results>
