<?xml version="1.0" encoding="UTF-8"?>
<testng-results ignored="0" total="5" passed="5" failed="0" skipped="0">
  <reporter-output>
  </reporter-output>
  <suite started-at="2025-08-17T12:51:33 IST" name="TestRun" finished-at="2025-08-17T12:51:48 IST" duration-ms="14928">
    <groups>
      <group name="regression">
        <method signature="UITestScenarios.flipkartFlightBookTest(com.ui.Models.FlightSearch)[pri:0, instance:com.ui.test.UITestScenarios@10683d9d]" name="flipkartFlightBookTest" class="com.ui.test.UITestScenarios"/>
        <method signature="UITestScenarios.visitCricBuzzSiteTest()[pri:0, instance:com.ui.test.UITestScenarios@10683d9d]" name="visitCricBuzzSiteTest" class="com.ui.test.UITestScenarios"/>
        <method signature="UITestScenarios.visitFlikartSiteTest()[pri:0, instance:com.ui.test.UITestScenarios@10683d9d]" name="visitFlikartSiteTest" class="com.ui.test.UITestScenarios"/>
        <method signature="UITestScenarios.visitYoutubeSiteTest()[pri:0, instance:com.ui.test.UITestScenarios@10683d9d]" name="visitYoutubeSiteTest" class="com.ui.test.UITestScenarios"/>
      </group> <!-- regression -->
      <group name="smoke">
        <method signature="UITestScenarios.visitCricBuzzSiteTest()[pri:0, instance:com.ui.test.UITestScenarios@10683d9d]" name="visitCricBuzzSiteTest" class="com.ui.test.UITestScenarios"/>
        <method signature="UITestScenarios.visitYoutubeSiteTest()[pri:0, instance:com.ui.test.UITestScenarios@10683d9d]" name="visitYoutubeSiteTest" class="com.ui.test.UITestScenarios"/>
      </group> <!-- smoke -->
    </groups>
    <test started-at="2025-08-17T12:51:33 IST" name="uiTests" finished-at="2025-08-17T12:51:48 IST" duration-ms="14928">
      <class name="com.ui.test.UITestScenarios">
        <test-method is-config="true" signature="SetUp()[pri:0, instance:com.ui.test.UITestScenarios@10683d9d]" started-at="2025-08-17T12:51:33 IST" name="SetUp" finished-at="2025-08-17T12:51:35 IST" duration-ms="2385" status="PASS">
          <reporter-output>
          </reporter-output>
        </test-method> <!-- SetUp -->
        <test-method is-config="true" signature="SetUp()[pri:0, instance:com.ui.test.UITestScenarios@10683d9d]" started-at="2025-08-17T12:51:33 IST" name="SetUp" finished-at="2025-08-17T12:51:35 IST" duration-ms="2738" status="PASS">
          <reporter-output>
          </reporter-output>
        </test-method> <!-- SetUp -->
        <test-method is-config="true" signature="SetUp()[pri:0, instance:com.ui.test.UITestScenarios@10683d9d]" started-at="2025-08-17T12:51:33 IST" name="SetUp" finished-at="2025-08-17T12:51:36 IST" duration-ms="3029" status="PASS">
          <reporter-output>
          </reporter-output>
        </test-method> <!-- SetUp -->
        <test-method signature="visitFlikartSiteTest()[pri:0, instance:com.ui.test.UITestScenarios@10683d9d]" started-at="2025-08-17T12:51:35 IST" name="visitFlikartSiteTest" finished-at="2025-08-17T12:51:38 IST" duration-ms="2670" status="PASS">
          <reporter-output>
          </reporter-output>
        </test-method> <!-- visitFlikartSiteTest -->
        <test-method signature="visitCricBuzzSiteTest()[pri:0, instance:com.ui.test.UITestScenarios@10683d9d]" started-at="2025-08-17T12:51:35 IST" name="visitCricBuzzSiteTest" finished-at="2025-08-17T12:51:39 IST" duration-ms="3836" status="PASS">
          <reporter-output>
          </reporter-output>
        </test-method> <!-- visitCricBuzzSiteTest -->
        <test-method signature="flipkartFlightBookTest(com.ui.Models.FlightSearch)[pri:0, instance:com.ui.test.UITestScenarios@10683d9d]" started-at="2025-08-17T12:51:36 IST" name="flipkartFlightBookTest" data-provider="flightSearchData" finished-at="2025-08-17T12:51:39 IST" duration-ms="3723" status="PASS">
          <params>
            <param index="0">
              <value>
                <![CDATA[com.ui.Models.FlightSearch@1119df79]]>
              </value>
            </param>
          </params>
          <reporter-output>
          </reporter-output>
        </test-method> <!-- flipkartFlightBookTest -->
        <test-method is-config="true" signature="TearDown()[pri:0, instance:com.ui.test.UITestScenarios@10683d9d]" started-at="2025-08-17T12:51:38 IST" name="TearDown" finished-at="2025-08-17T12:51:38 IST" duration-ms="300" status="PASS">
          <reporter-output>
          </reporter-output>
        </test-method> <!-- TearDown -->
        <test-method is-config="true" signature="SetUp()[pri:0, instance:com.ui.test.UITestScenarios@10683d9d]" started-at="2025-08-17T12:51:38 IST" name="SetUp" finished-at="2025-08-17T12:51:39 IST" duration-ms="955" status="PASS">
          <reporter-output>
          </reporter-output>
        </test-method> <!-- SetUp -->
        <test-method signature="visitYoutubeSiteTest()[pri:0, instance:com.ui.test.UITestScenarios@10683d9d]" started-at="2025-08-17T12:51:39 IST" name="visitYoutubeSiteTest" finished-at="2025-08-17T12:51:42 IST" duration-ms="3393" status="PASS">
          <reporter-output>
          </reporter-output>
        </test-method> <!-- visitYoutubeSiteTest -->
        <test-method is-config="true" signature="TearDown()[pri:0, instance:com.ui.test.UITestScenarios@10683d9d]" started-at="2025-08-17T12:51:39 IST" name="TearDown" finished-at="2025-08-17T12:51:42 IST" duration-ms="2561" status="PASS">
          <reporter-output>
          </reporter-output>
        </test-method> <!-- TearDown -->
        <test-method is-config="true" signature="TearDown()[pri:0, instance:com.ui.test.UITestScenarios@10683d9d]" started-at="2025-08-17T12:51:39 IST" name="TearDown" finished-at="2025-08-17T12:51:42 IST" duration-ms="2145" status="PASS">
          <reporter-output>
          </reporter-output>
        </test-method> <!-- TearDown -->
        <test-method is-config="true" signature="TearDown()[pri:0, instance:com.ui.test.UITestScenarios@10683d9d]" started-at="2025-08-17T12:51:42 IST" name="TearDown" finished-at="2025-08-17T12:51:43 IST" duration-ms="735" status="PASS">
          <reporter-output>
          </reporter-output>
        </test-method> <!-- TearDown -->
        <test-method is-config="true" signature="SetUp()[pri:0, instance:com.ui.test.UITestScenarios@10683d9d]" started-at="2025-08-17T12:51:43 IST" name="SetUp" finished-at="2025-08-17T12:51:44 IST" duration-ms="828" status="PASS">
          <reporter-output>
          </reporter-output>
        </test-method> <!-- SetUp -->
        <test-method signature="visitYoutubeSiteTest()[pri:0, instance:com.ui.test.UITestScenarios@10683d9d]" started-at="2025-08-17T12:51:44 IST" name="visitYoutubeSiteTest" finished-at="2025-08-17T12:51:47 IST" duration-ms="3159" status="PASS">
          <reporter-output>
          </reporter-output>
        </test-method> <!-- visitYoutubeSiteTest -->
        <test-method is-config="true" signature="TearDown()[pri:0, instance:com.ui.test.UITestScenarios@10683d9d]" started-at="2025-08-17T12:51:47 IST" name="TearDown" finished-at="2025-08-17T12:51:48 IST" duration-ms="428" status="PASS">
          <reporter-output>
          </reporter-output>
        </test-method> <!-- TearDown -->
      </class> <!-- com.ui.test.UITestScenarios -->
    </test> <!-- uiTests -->
  </suite> <!-- TestRun -->
</testng-results>
