<?xml version="1.0" encoding="UTF-8"?>
<!-- Generated by org.testng.reporters.JUnitXMLReporter -->
<testsuite ignored="1" hostname="LAPTOP-TAFBVVUT" failures="0" tests="5" name="uiTests" time="14.928" errors="0" timestamp="2025-08-17T12:51:48 IST">
  <testcase classname="com.ui.test.UITestScenarios" name="visitFlikartSiteTest" time="2.67"/>
  <testcase classname="com.ui.test.UITestScenarios" name="visitCricBuzzSiteTest" time="3.836"/>
  <testcase classname="com.ui.test.UITestScenarios" name="flipkartFlightBookTest" time="3.723"/>
  <testcase classname="com.ui.test.UITestScenarios" name="visitYoutubeSiteTest" time="3.393"/>
  <testcase classname="com.ui.test.UITestScenarios" name="visitYoutubeSiteTest" time="3.159"/>
  <testcase classname="com.ui.test.UITestScenarios" name="visitAmazonSiteTest" time="0.0">
    <ignored/>
  </testcase> <!-- visitAmazonSiteTest -->
</testsuite> <!-- uiTests -->
